<?xml version="1.0" encoding="UTF-8"?>
<testsuite name="com.sparta.java_02.RedisDataStructureTest" tests="1" skipped="0" failures="0" errors="0" timestamp="2025-07-09T12:30:18.757Z" hostname="gimjisus-MacBook-Air.local" time="0.564">
  <properties/>
  <testcase name="redisSetExample()" classname="com.sparta.java_02.RedisDataStructureTest" time="0.564"/>
  <system-out><![CDATA[21:30:10.154 [Test worker] INFO org.springframework.test.context.support.AnnotationConfigContextLoaderUtils -- Could not detect default configuration classes for test class [com.sparta.java_02.RedisDataStructureTest]: RedisDataStructureTest does not declare any static, non-private, non-final, nested classes annotated with @Configuration.
21:30:10.247 [Test worker] INFO org.springframework.boot.test.context.SpringBootTestContextBootstrapper -- Found @SpringBootConfiguration com.sparta.java_02.Java02Application for test class com.sparta.java_02.RedisDataStructureTest

  .   ____          _            __ _ _
 /\\ / ___'_ __ _ _(_)_ __  __ _ \ \ \ \
( ( )\___ | '_ | '_| | '_ \/ _` | \ \ \ \
 \\/  ___)| |_)| | | | | || (_| |  ) ) ) )
  '  |____| .__|_| |_|_| |_\__, | / / / /
 =========|_|==============|___/=/_/_/_/

 :: Spring Boot ::                (v3.5.0)

2025-07-09T21:30:10.607+09:00  WARN 47609 --- [java-02] [    Test worker] ory$DuplicateJsonObjectContextCustomizer : 

Found multiple occurrences of org.json.JSONObject on the class path:

	jar:file:/Users/kimjisoo/.gradle/caches/modules-2/files-2.1/org.json/json/20220320/6df2c050972619466f6dcef7654ef9bcc01dfd0/json-20220320.jar!/org/json/JSONObject.class
	jar:file:/Users/kimjisoo/.gradle/caches/modules-2/files-2.1/com.vaadin.external.google/android-json/0.0.20131108.vaadin1/fa26d351fe62a6a17f5cda1287c1c6110dec413f/android-json-0.0.20131108.vaadin1.jar!/org/json/JSONObject.class

You may wish to exclude one of them to ensure predictable runtime behavior

2025-07-09T21:30:10.665+09:00  INFO 47609 --- [java-02] [    Test worker] c.sparta.java_02.RedisDataStructureTest  : Starting RedisDataStructureTest using Java 17.0.8.1 with PID 47609 (started by kimjisoo in /Users/kimjisoo/Desktop/Jisoo/Sparta/java-02)
2025-07-09T21:30:10.667+09:00  INFO 47609 --- [java-02] [    Test worker] c.sparta.java_02.RedisDataStructureTest  : No active profile set, falling back to 1 default profile: "default"
2025-07-09T21:30:12.078+09:00  INFO 47609 --- [java-02] [    Test worker] .s.d.r.c.RepositoryConfigurationDelegate : Bootstrapping Spring Data JPA repositories in DEFAULT mode.
2025-07-09T21:30:12.138+09:00  INFO 47609 --- [java-02] [    Test worker] .s.d.r.c.RepositoryConfigurationDelegate : Finished Spring Data repository scanning in 52 ms. Found 4 JPA repository interfaces.
2025-07-09T21:30:12.929+09:00  INFO 47609 --- [java-02] [    Test worker] o.hibernate.jpa.internal.util.LogHelper  : HHH000204: Processing PersistenceUnitInfo [name: default]
2025-07-09T21:30:12.996+09:00  INFO 47609 --- [java-02] [    Test worker] org.hibernate.Version                    : HHH000412: Hibernate ORM core version 6.6.15.Final
2025-07-09T21:30:13.030+09:00  INFO 47609 --- [java-02] [    Test worker] o.h.c.internal.RegionFactoryInitiator    : HHH000026: Second-level cache disabled
2025-07-09T21:30:13.384+09:00  INFO 47609 --- [java-02] [    Test worker] o.s.o.j.p.SpringPersistenceUnitInfo      : No LoadTimeWeaver setup: ignoring JPA class transformer
2025-07-09T21:30:13.408+09:00  INFO 47609 --- [java-02] [    Test worker] com.zaxxer.hikari.HikariDataSource       : HikariPool-1 - Starting...
2025-07-09T21:30:13.571+09:00  INFO 47609 --- [java-02] [    Test worker] com.zaxxer.hikari.pool.HikariPool        : HikariPool-1 - Added connection com.mysql.cj.jdbc.ConnectionImpl@5c03eb4e
2025-07-09T21:30:13.572+09:00  INFO 47609 --- [java-02] [    Test worker] com.zaxxer.hikari.HikariDataSource       : HikariPool-1 - Start completed.
2025-07-09T21:30:13.619+09:00  WARN 47609 --- [java-02] [    Test worker] org.hibernate.orm.deprecation            : HHH90000025: MySQL8Dialect does not need to be specified explicitly using 'hibernate.dialect' (remove the property setting and it will be selected by default)
2025-07-09T21:30:13.620+09:00  WARN 47609 --- [java-02] [    Test worker] org.hibernate.orm.deprecation            : HHH90000026: MySQL8Dialect has been deprecated; use org.hibernate.dialect.MySQLDialect instead
2025-07-09T21:30:13.635+09:00  INFO 47609 --- [java-02] [    Test worker] org.hibernate.orm.connections.pooling    : HHH10001005: Database info:
	Database JDBC URL [Connecting through datasource 'HikariDataSource (HikariPool-1)']
	Database driver: undefined/unknown
	Database version: 8.0
	Autocommit mode: undefined/unknown
	Isolation level: undefined/unknown
	Minimum pool size: undefined/unknown
	Maximum pool size: undefined/unknown
2025-07-09T21:30:14.545+09:00  INFO 47609 --- [java-02] [    Test worker] o.h.e.t.j.p.i.JtaPlatformInitiator       : HHH000489: No JTA platform available (set 'hibernate.transaction.jta.platform' to enable JTA platform integration)
2025-07-09T21:30:15.512+09:00  INFO 47609 --- [java-02] [    Test worker] j.LocalContainerEntityManagerFactoryBean : Initialized JPA EntityManagerFactory for persistence unit 'default'
2025-07-09T21:30:15.926+09:00  INFO 47609 --- [java-02] [    Test worker] o.s.d.j.r.query.QueryEnhancerFactory     : Hibernate is in classpath; If applicable, HQL parser will be used.
2025-07-09T21:30:17.605+09:00  WARN 47609 --- [java-02] [    Test worker] JpaBaseConfiguration$JpaWebConfiguration : spring.jpa.open-in-view is enabled by default. Therefore, database queries may be performed during view rendering. Explicitly configure spring.jpa.open-in-view to disable this warning
2025-07-09T21:30:18.609+09:00  INFO 47609 --- [java-02] [    Test worker] o.s.b.a.e.web.EndpointLinksResolver      : Exposing 1 endpoint beneath base path '/actuator'
2025-07-09T21:30:18.737+09:00  INFO 47609 --- [java-02] [    Test worker] c.sparta.java_02.RedisDataStructureTest  : Started RedisDataStructureTest in 8.388 seconds (process running for 9.167)
2025-07-09T21:30:19.309+09:00  INFO 47609 --- [java-02] [    Test worker] c.sparta.java_02.RedisDataStructureTest  : sinterSet : [task1, task4]
2025-07-09T21:30:19.310+09:00  INFO 47609 --- [java-02] [    Test worker] c.sparta.java_02.RedisDataStructureTest  : sunionSet : [task1, task2, task3, task4]
]]></system-out>
  <system-err><![CDATA[]]></system-err>
</testsuite>
