<?xml version="1.0" encoding="UTF-8"?>
<testsuite name="com.sparta.java_02.domain.purchase.repository.PurchaseRepositoryTest" tests="1" skipped="0" failures="0" errors="0" timestamp="2025-06-20T11:39:55.493Z" hostname="gimjisus-MacBook-Air.local" time="0.424">
  <properties/>
  <testcase name="성공()" classname="com.sparta.java_02.domain.purchase.repository.PurchaseRepositoryTest" time="0.424"/>
  <system-out><![CDATA[20:39:50.279 [Test worker] INFO org.springframework.test.context.support.AnnotationConfigContextLoaderUtils -- Could not detect default configuration classes for test class [com.sparta.java_02.domain.purchase.repository.PurchaseRepositoryTest]: PurchaseRepositoryTest does not declare any static, non-private, non-final, nested classes annotated with @Configuration.
20:39:50.439 [Test worker] INFO org.springframework.boot.test.context.SpringBootTestContextBootstrapper -- Found @SpringBootConfiguration com.sparta.java_02.Java02Application for test class com.sparta.java_02.domain.purchase.repository.PurchaseRepositoryTest

  .   ____          _            __ _ _
 /\\ / ___'_ __ _ _(_)_ __  __ _ \ \ \ \
( ( )\___ | '_ | '_| | '_ \/ _` | \ \ \ \
 \\/  ___)| |_)| | | | | || (_| |  ) ) ) )
  '  |____| .__|_| |_|_| |_\__, | / / / /
 =========|_|==============|___/=/_/_/_/

 :: Spring Boot ::                (v3.5.0)

2025-06-20T20:39:50.881+09:00  INFO 35792 --- [java-02] [    Test worker] c.s.j.d.p.r.PurchaseRepositoryTest       : Starting PurchaseRepositoryTest using Java 17.0.8.1 with PID 35792 (started by kimjisoo in /Users/kimjisoo/Desktop/Jisoo/Sparta/java-02)
2025-06-20T20:39:50.882+09:00  INFO 35792 --- [java-02] [    Test worker] c.s.j.d.p.r.PurchaseRepositoryTest       : No active profile set, falling back to 1 default profile: "default"
2025-06-20T20:39:51.694+09:00  INFO 35792 --- [java-02] [    Test worker] .s.d.r.c.RepositoryConfigurationDelegate : Bootstrapping Spring Data JPA repositories in DEFAULT mode.
2025-06-20T20:39:51.732+09:00  INFO 35792 --- [java-02] [    Test worker] .s.d.r.c.RepositoryConfigurationDelegate : Finished Spring Data repository scanning in 31 ms. Found 2 JPA repository interfaces.
2025-06-20T20:39:52.119+09:00  INFO 35792 --- [java-02] [    Test worker] com.zaxxer.hikari.HikariDataSource       : HikariPool-1 - Starting...
2025-06-20T20:39:52.260+09:00  INFO 35792 --- [java-02] [    Test worker] com.zaxxer.hikari.pool.HikariPool        : HikariPool-1 - Added connection com.mysql.cj.jdbc.ConnectionImpl@5d3b6585
2025-06-20T20:39:52.262+09:00  INFO 35792 --- [java-02] [    Test worker] com.zaxxer.hikari.HikariDataSource       : HikariPool-1 - Start completed.
2025-06-20T20:39:52.341+09:00  INFO 35792 --- [java-02] [    Test worker] org.flywaydb.core.FlywayExecutor         : Database: jdbc:mysql://localhost:3306/spring_db?useSSL=false&allowPublicKeyRetrieval=true (MySQL 8.0)
2025-06-20T20:39:52.399+09:00  INFO 35792 --- [java-02] [    Test worker] o.f.core.internal.command.DbValidate     : Successfully validated 6 migrations (execution time 00:00.033s)
2025-06-20T20:39:52.417+09:00  INFO 35792 --- [java-02] [    Test worker] o.f.core.internal.command.DbMigrate      : Current version of schema `spring_db`: 6
2025-06-20T20:39:52.421+09:00  INFO 35792 --- [java-02] [    Test worker] o.f.core.internal.command.DbMigrate      : Schema `spring_db` is up to date. No migration necessary.
2025-06-20T20:39:52.520+09:00  INFO 35792 --- [java-02] [    Test worker] o.hibernate.jpa.internal.util.LogHelper  : HHH000204: Processing PersistenceUnitInfo [name: default]
2025-06-20T20:39:52.569+09:00  INFO 35792 --- [java-02] [    Test worker] org.hibernate.Version                    : HHH000412: Hibernate ORM core version 6.6.15.Final
2025-06-20T20:39:52.601+09:00  INFO 35792 --- [java-02] [    Test worker] o.h.c.internal.RegionFactoryInitiator    : HHH000026: Second-level cache disabled
2025-06-20T20:39:52.873+09:00  INFO 35792 --- [java-02] [    Test worker] o.s.o.j.p.SpringPersistenceUnitInfo      : No LoadTimeWeaver setup: ignoring JPA class transformer
2025-06-20T20:39:52.939+09:00  WARN 35792 --- [java-02] [    Test worker] org.hibernate.orm.deprecation            : HHH90000025: MySQL8Dialect does not need to be specified explicitly using 'hibernate.dialect' (remove the property setting and it will be selected by default)
2025-06-20T20:39:52.940+09:00  WARN 35792 --- [java-02] [    Test worker] org.hibernate.orm.deprecation            : HHH90000026: MySQL8Dialect has been deprecated; use org.hibernate.dialect.MySQLDialect instead
2025-06-20T20:39:52.954+09:00  INFO 35792 --- [java-02] [    Test worker] org.hibernate.orm.connections.pooling    : HHH10001005: Database info:
	Database JDBC URL [Connecting through datasource 'HikariDataSource (HikariPool-1)']
	Database driver: undefined/unknown
	Database version: 8.0
	Autocommit mode: undefined/unknown
	Isolation level: undefined/unknown
	Minimum pool size: undefined/unknown
	Maximum pool size: undefined/unknown
2025-06-20T20:39:53.643+09:00  INFO 35792 --- [java-02] [    Test worker] o.h.e.t.j.p.i.JtaPlatformInitiator       : HHH000489: No JTA platform available (set 'hibernate.transaction.jta.platform' to enable JTA platform integration)
2025-06-20T20:39:53.649+09:00  INFO 35792 --- [java-02] [    Test worker] j.LocalContainerEntityManagerFactoryBean : Initialized JPA EntityManagerFactory for persistence unit 'default'
2025-06-20T20:39:53.826+09:00  WARN 35792 --- [java-02] [    Test worker] JpaBaseConfiguration$JpaWebConfiguration : spring.jpa.open-in-view is enabled by default. Therefore, database queries may be performed during view rendering. Explicitly configure spring.jpa.open-in-view to disable this warning
2025-06-20T20:39:53.873+09:00  INFO 35792 --- [java-02] [    Test worker] o.s.v.b.OptionalValidatorFactoryBean     : Failed to set up a Bean Validation provider: jakarta.validation.NoProviderFoundException: Unable to create a Configuration, because no Jakarta Bean Validation provider could be found. Add a provider like Hibernate Validator (RI) to your classpath.
2025-06-20T20:39:54.845+09:00  INFO 35792 --- [java-02] [    Test worker] o.s.d.j.r.query.QueryEnhancerFactory     : Hibernate is in classpath; If applicable, HQL parser will be used.
2025-06-20T20:39:55.402+09:00  INFO 35792 --- [java-02] [    Test worker] o.s.b.a.e.web.EndpointLinksResolver      : Exposing 1 endpoint beneath base path '/actuator'
2025-06-20T20:39:55.477+09:00  INFO 35792 --- [java-02] [    Test worker] c.s.j.d.p.r.PurchaseRepositoryTest       : Started PurchaseRepositoryTest in 4.877 seconds (process running for 5.9)
]]></system-out>
  <system-err><![CDATA[]]></system-err>
</testsuite>
