<?xml version="1.0" encoding="UTF-8"?>
<testsuite name="com.sparta.java_02.RedisDataStructureTest" tests="1" skipped="0" failures="0" errors="0" timestamp="2025-07-11T11:23:28.354Z" hostname="gimjisus-MacBook-Air.local" time="0.993">
  <properties/>
  <testcase name="redisStringExample()" classname="com.sparta.java_02.RedisDataStructureTest" time="0.993"/>
  <system-out><![CDATA[20:23:16.955 [Test worker] INFO org.springframework.test.context.support.AnnotationConfigContextLoaderUtils -- Could not detect default configuration classes for test class [com.sparta.java_02.RedisDataStructureTest]: RedisDataStructureTest does not declare any static, non-private, non-final, nested classes annotated with @Configuration.
20:23:17.058 [Test worker] INFO org.springframework.boot.test.context.SpringBootTestContextBootstrapper -- Found @SpringBootConfiguration com.sparta.java_02.Java02Application for test class com.sparta.java_02.RedisDataStructureTest

  .   ____          _            __ _ _
 /\\ / ___'_ __ _ _(_)_ __  __ _ \ \ \ \
( ( )\___ | '_ | '_| | '_ \/ _` | \ \ \ \
 \\/  ___)| |_)| | | | | || (_| |  ) ) ) )
  '  |____| .__|_| |_|_| |_\__, | / / / /
 =========|_|==============|___/=/_/_/_/

 :: Spring Boot ::                (v3.5.0)

2025-07-11T20:23:17.371+09:00  WARN 39237 --- [java-02] [    Test worker] ory$DuplicateJsonObjectContextCustomizer : 

Found multiple occurrences of org.json.JSONObject on the class path:

	jar:file:/Users/kimjisoo/.gradle/caches/modules-2/files-2.1/org.json/json/20220320/6df2c050972619466f6dcef7654ef9bcc01dfd0/json-20220320.jar!/org/json/JSONObject.class
	jar:file:/Users/kimjisoo/.gradle/caches/modules-2/files-2.1/com.vaadin.external.google/android-json/0.0.20131108.vaadin1/fa26d351fe62a6a17f5cda1287c1c6110dec413f/android-json-0.0.20131108.vaadin1.jar!/org/json/JSONObject.class

You may wish to exclude one of them to ensure predictable runtime behavior

2025-07-11T20:23:17.381+09:00  INFO 39237 --- [java-02] [    Test worker] c.sparta.java_02.RedisDataStructureTest  : Starting RedisDataStructureTest using Java 17.0.8.1 with PID 39237 (started by kimjisoo in /Users/kimjisoo/Desktop/Jisoo/Sparta/java-02)
2025-07-11T20:23:17.382+09:00  INFO 39237 --- [java-02] [    Test worker] c.sparta.java_02.RedisDataStructureTest  : No active profile set, falling back to 1 default profile: "default"
2025-07-11T20:23:18.424+09:00  INFO 39237 --- [java-02] [    Test worker] .s.d.r.c.RepositoryConfigurationDelegate : Multiple Spring Data modules found, entering strict repository configuration mode
2025-07-11T20:23:18.426+09:00  INFO 39237 --- [java-02] [    Test worker] .s.d.r.c.RepositoryConfigurationDelegate : Bootstrapping Spring Data JPA repositories in DEFAULT mode.
2025-07-11T20:23:18.555+09:00  INFO 39237 --- [java-02] [    Test worker] .s.d.r.c.RepositoryConfigurationDelegate : Finished Spring Data repository scanning in 121 ms. Found 5 JPA repository interfaces.
2025-07-11T20:23:18.569+09:00  INFO 39237 --- [java-02] [    Test worker] .s.d.r.c.RepositoryConfigurationDelegate : Multiple Spring Data modules found, entering strict repository configuration mode
2025-07-11T20:23:18.572+09:00  INFO 39237 --- [java-02] [    Test worker] .s.d.r.c.RepositoryConfigurationDelegate : Bootstrapping Spring Data Redis repositories in DEFAULT mode.
2025-07-11T20:23:18.588+09:00  INFO 39237 --- [java-02] [    Test worker] .RepositoryConfigurationExtensionSupport : Spring Data Redis - Could not safely identify store assignment for repository candidate interface com.sparta.java_02.domain.category.repository.CategoryRepository; If you want this repository to be a Redis repository, consider annotating your entities with one of these annotations: org.springframework.data.redis.core.RedisHash (preferred), or consider extending one of the following types with your repository: org.springframework.data.keyvalue.repository.KeyValueRepository
2025-07-11T20:23:18.588+09:00  INFO 39237 --- [java-02] [    Test worker] .RepositoryConfigurationExtensionSupport : Spring Data Redis - Could not safely identify store assignment for repository candidate interface com.sparta.java_02.domain.product.repository.ProductRepository; If you want this repository to be a Redis repository, consider annotating your entities with one of these annotations: org.springframework.data.redis.core.RedisHash (preferred), or consider extending one of the following types with your repository: org.springframework.data.keyvalue.repository.KeyValueRepository
2025-07-11T20:23:18.588+09:00  INFO 39237 --- [java-02] [    Test worker] .RepositoryConfigurationExtensionSupport : Spring Data Redis - Could not safely identify store assignment for repository candidate interface com.sparta.java_02.domain.purchase.repository.PurchaseProductRepository; If you want this repository to be a Redis repository, consider annotating your entities with one of these annotations: org.springframework.data.redis.core.RedisHash (preferred), or consider extending one of the following types with your repository: org.springframework.data.keyvalue.repository.KeyValueRepository
2025-07-11T20:23:18.588+09:00  INFO 39237 --- [java-02] [    Test worker] .RepositoryConfigurationExtensionSupport : Spring Data Redis - Could not safely identify store assignment for repository candidate interface com.sparta.java_02.domain.purchase.repository.PurchaseRepository; If you want this repository to be a Redis repository, consider annotating your entities with one of these annotations: org.springframework.data.redis.core.RedisHash (preferred), or consider extending one of the following types with your repository: org.springframework.data.keyvalue.repository.KeyValueRepository
2025-07-11T20:23:18.588+09:00  INFO 39237 --- [java-02] [    Test worker] .RepositoryConfigurationExtensionSupport : Spring Data Redis - Could not safely identify store assignment for repository candidate interface com.sparta.java_02.domain.user.repository.UserRepository; If you want this repository to be a Redis repository, consider annotating your entities with one of these annotations: org.springframework.data.redis.core.RedisHash (preferred), or consider extending one of the following types with your repository: org.springframework.data.keyvalue.repository.KeyValueRepository
2025-07-11T20:23:18.589+09:00  INFO 39237 --- [java-02] [    Test worker] .s.d.r.c.RepositoryConfigurationDelegate : Finished Spring Data repository scanning in 9 ms. Found 0 Redis repository interfaces.
2025-07-11T20:23:19.211+09:00  INFO 39237 --- [java-02] [    Test worker] o.hibernate.jpa.internal.util.LogHelper  : HHH000204: Processing PersistenceUnitInfo [name: default]
2025-07-11T20:23:19.253+09:00  INFO 39237 --- [java-02] [    Test worker] org.hibernate.Version                    : HHH000412: Hibernate ORM core version 6.6.15.Final
2025-07-11T20:23:19.279+09:00  INFO 39237 --- [java-02] [    Test worker] o.h.c.internal.RegionFactoryInitiator    : HHH000026: Second-level cache disabled
2025-07-11T20:23:19.475+09:00  INFO 39237 --- [java-02] [    Test worker] o.s.o.j.p.SpringPersistenceUnitInfo      : No LoadTimeWeaver setup: ignoring JPA class transformer
2025-07-11T20:23:19.502+09:00  INFO 39237 --- [java-02] [    Test worker] com.zaxxer.hikari.HikariDataSource       : HikariPool-1 - Starting...
2025-07-11T20:23:19.678+09:00  INFO 39237 --- [java-02] [    Test worker] com.zaxxer.hikari.pool.HikariPool        : HikariPool-1 - Added connection com.mysql.cj.jdbc.ConnectionImpl@6b30ff23
2025-07-11T20:23:19.680+09:00  INFO 39237 --- [java-02] [    Test worker] com.zaxxer.hikari.HikariDataSource       : HikariPool-1 - Start completed.
2025-07-11T20:23:19.838+09:00  WARN 39237 --- [java-02] [    Test worker] org.hibernate.orm.deprecation            : HHH90000025: MySQL8Dialect does not need to be specified explicitly using 'hibernate.dialect' (remove the property setting and it will be selected by default)
2025-07-11T20:23:19.839+09:00  WARN 39237 --- [java-02] [    Test worker] org.hibernate.orm.deprecation            : HHH90000026: MySQL8Dialect has been deprecated; use org.hibernate.dialect.MySQLDialect instead
2025-07-11T20:23:19.852+09:00  INFO 39237 --- [java-02] [    Test worker] org.hibernate.orm.connections.pooling    : HHH10001005: Database info:
	Database JDBC URL [Connecting through datasource 'HikariDataSource (HikariPool-1)']
	Database driver: undefined/unknown
	Database version: 8.0
	Autocommit mode: undefined/unknown
	Isolation level: undefined/unknown
	Minimum pool size: undefined/unknown
	Maximum pool size: undefined/unknown
2025-07-11T20:23:20.542+09:00  INFO 39237 --- [java-02] [    Test worker] o.h.e.t.j.p.i.JtaPlatformInitiator       : HHH000489: No JTA platform available (set 'hibernate.transaction.jta.platform' to enable JTA platform integration)
2025-07-11T20:23:22.052+09:00  INFO 39237 --- [java-02] [    Test worker] j.LocalContainerEntityManagerFactoryBean : Initialized JPA EntityManagerFactory for persistence unit 'default'
2025-07-11T20:23:24.137+09:00  INFO 39237 --- [java-02] [    Test worker] o.s.d.j.r.query.QueryEnhancerFactory     : Hibernate is in classpath; If applicable, HQL parser will be used.
2025-07-11T20:23:25.536+09:00  WARN 39237 --- [java-02] [    Test worker] JpaBaseConfiguration$JpaWebConfiguration : spring.jpa.open-in-view is enabled by default. Therefore, database queries may be performed during view rendering. Explicitly configure spring.jpa.open-in-view to disable this warning
2025-07-11T20:23:27.783+09:00  WARN 39237 --- [java-02] [    Test worker] .s.s.UserDetailsServiceAutoConfiguration : 

Using generated security password: 72b14099-ee3e-497a-8420-d3bb2a74711d

This generated password is for development use only. Your security configuration must be updated before running your application in production.

2025-07-11T20:23:27.791+09:00  INFO 39237 --- [java-02] [    Test worker] r$InitializeUserDetailsManagerConfigurer : Global AuthenticationManager configured with UserDetailsService bean with name inMemoryUserDetailsManager
2025-07-11T20:23:27.938+09:00  INFO 39237 --- [java-02] [    Test worker] o.s.b.a.e.web.EndpointLinksResolver      : Exposing 1 endpoint beneath base path '/actuator'
2025-07-11T20:23:28.313+09:00  INFO 39237 --- [java-02] [    Test worker] c.sparta.java_02.RedisDataStructureTest  : Started RedisDataStructureTest in 11.153 seconds (process running for 12.282)
2025-07-11T20:23:29.061+09:00  INFO 39237 --- [java-02] [    Test worker] c.sparta.java_02.RedisDataStructureTest  : --- Redis String (문자열) 예제 시작 ---
2025-07-11T20:23:29.265+09:00  INFO 39237 --- [java-02] [    Test worker] c.sparta.java_02.RedisDataStructureTest  : /api/users/55 요청에 따른 캐싱 된 응답 값 : {"id" : 55, "name" : "홍길동"}
2025-07-11T20:23:29.309+09:00  INFO 39237 --- [java-02] [    Test worker] c.sparta.java_02.RedisDataStructureTest  : ttl : 3600
2025-07-11T20:23:29.317+09:00  INFO 39237 --- [java-02] [    Test worker] c.sparta.java_02.RedisDataStructureTest  : article:101:views : 6
]]></system-out>
  <system-err><![CDATA[]]></system-err>
</testsuite>
