<?xml version="1.0" encoding="UTF-8"?>
<testsuite name="com.sparta.java_02.Java02ApplicationTests" tests="1" skipped="0" failures="0" errors="0" timestamp="2025-06-30T12:15:08.455Z" hostname="gimjisus-MacBook-Air.local" time="0.983">
  <properties/>
  <testcase name="contextLoads()" classname="com.sparta.java_02.Java02ApplicationTests" time="0.983"/>
  <system-out><![CDATA[21:14:18.061 [Test worker] INFO org.springframework.test.context.support.AnnotationConfigContextLoaderUtils -- Could not detect default configuration classes for test class [com.sparta.java_02.Java02ApplicationTests]: Java02ApplicationTests does not declare any static, non-private, non-final, nested classes annotated with @Configuration.
21:14:18.604 [Test worker] INFO org.springframework.boot.test.context.SpringBootTestContextBootstrapper -- Found @SpringBootConfiguration com.sparta.java_02.Java02Application for test class com.sparta.java_02.Java02ApplicationTests

  .   ____          _            __ _ _
 /\\ / ___'_ __ _ _(_)_ __  __ _ \ \ \ \
( ( )\___ | '_ | '_| | '_ \/ _` | \ \ \ \
 \\/  ___)| |_)| | | | | || (_| |  ) ) ) )
  '  |____| .__|_| |_|_| |_\__, | / / / /
 =========|_|==============|___/=/_/_/_/

 :: Spring Boot ::                (v3.5.0)

2025-06-30T21:14:20.230+09:00  INFO 6174 --- [java-02] [    Test worker] c.sparta.java_02.Java02ApplicationTests  : Starting Java02ApplicationTests using Java 17.0.8.1 with PID 6174 (started by kimjisoo in /Users/kimjisoo/Desktop/Jisoo/Sparta/java-02)
2025-06-30T21:14:20.241+09:00  INFO 6174 --- [java-02] [    Test worker] c.sparta.java_02.Java02ApplicationTests  : No active profile set, falling back to 1 default profile: "default"
2025-06-30T21:14:27.249+09:00  INFO 6174 --- [java-02] [    Test worker] .s.d.r.c.RepositoryConfigurationDelegate : Bootstrapping Spring Data JPA repositories in DEFAULT mode.
2025-06-30T21:14:27.584+09:00  INFO 6174 --- [java-02] [    Test worker] .s.d.r.c.RepositoryConfigurationDelegate : Finished Spring Data repository scanning in 271 ms. Found 4 JPA repository interfaces.
2025-06-30T21:14:33.401+09:00  INFO 6174 --- [java-02] [    Test worker] o.hibernate.jpa.internal.util.LogHelper  : HHH000204: Processing PersistenceUnitInfo [name: default]
2025-06-30T21:14:33.721+09:00  INFO 6174 --- [java-02] [    Test worker] org.hibernate.Version                    : HHH000412: Hibernate ORM core version 6.6.15.Final
2025-06-30T21:14:33.944+09:00  INFO 6174 --- [java-02] [    Test worker] o.h.c.internal.RegionFactoryInitiator    : HHH000026: Second-level cache disabled
2025-06-30T21:14:36.542+09:00  INFO 6174 --- [java-02] [    Test worker] o.s.o.j.p.SpringPersistenceUnitInfo      : No LoadTimeWeaver setup: ignoring JPA class transformer
2025-06-30T21:14:37.060+09:00  INFO 6174 --- [java-02] [    Test worker] com.zaxxer.hikari.HikariDataSource       : HikariPool-1 - Starting...
2025-06-30T21:14:39.219+09:00  INFO 6174 --- [java-02] [    Test worker] com.zaxxer.hikari.pool.HikariPool        : HikariPool-1 - Added connection com.mysql.cj.jdbc.ConnectionImpl@2aeb7c4c
2025-06-30T21:14:39.475+09:00  INFO 6174 --- [java-02] [    Test worker] com.zaxxer.hikari.HikariDataSource       : HikariPool-1 - Start completed.
2025-06-30T21:14:41.181+09:00  WARN 6174 --- [java-02] [    Test worker] org.hibernate.orm.deprecation            : HHH90000025: MySQL8Dialect does not need to be specified explicitly using 'hibernate.dialect' (remove the property setting and it will be selected by default)
2025-06-30T21:14:41.293+09:00  WARN 6174 --- [java-02] [    Test worker] org.hibernate.orm.deprecation            : HHH90000026: MySQL8Dialect has been deprecated; use org.hibernate.dialect.MySQLDialect instead
2025-06-30T21:14:41.508+09:00  INFO 6174 --- [java-02] [    Test worker] org.hibernate.orm.connections.pooling    : HHH10001005: Database info:
	Database JDBC URL [Connecting through datasource 'HikariDataSource (HikariPool-1)']
	Database driver: undefined/unknown
	Database version: 8.0
	Autocommit mode: undefined/unknown
	Isolation level: undefined/unknown
	Minimum pool size: undefined/unknown
	Maximum pool size: undefined/unknown
2025-06-30T21:14:52.245+09:00  INFO 6174 --- [java-02] [    Test worker] o.h.e.t.j.p.i.JtaPlatformInitiator       : HHH000489: No JTA platform available (set 'hibernate.transaction.jta.platform' to enable JTA platform integration)
2025-06-30T21:14:52.291+09:00  INFO 6174 --- [java-02] [    Test worker] j.LocalContainerEntityManagerFactoryBean : Initialized JPA EntityManagerFactory for persistence unit 'default'
2025-06-30T21:14:57.879+09:00  INFO 6174 --- [java-02] [    Test worker] o.s.d.j.r.query.QueryEnhancerFactory     : Hibernate is in classpath; If applicable, HQL parser will be used.
2025-06-30T21:15:03.860+09:00  WARN 6174 --- [java-02] [    Test worker] JpaBaseConfiguration$JpaWebConfiguration : spring.jpa.open-in-view is enabled by default. Therefore, database queries may be performed during view rendering. Explicitly configure spring.jpa.open-in-view to disable this warning
2025-06-30T21:15:08.222+09:00  INFO 6174 --- [java-02] [    Test worker] o.s.b.a.e.web.EndpointLinksResolver      : Exposing 1 endpoint beneath base path '/actuator'
2025-06-30T21:15:08.431+09:00  INFO 6174 --- [java-02] [    Test worker] c.sparta.java_02.Java02ApplicationTests  : Started Java02ApplicationTests in 49.223 seconds (process running for 55.545)
]]></system-out>
  <system-err><![CDATA[]]></system-err>
</testsuite>
